2022-05-02 00:00:50.947 [main] DEBUG com.revature.BankApp.App - We've just greeted the user!
2022-05-02 00:00:50.953 [main] INFO  com.revature.BankApp.App - We've just greeted the user!
2022-05-02 00:00:50.953 [main] WARN  com.revature.BankApp.App - We've just greeted the user!
2022-05-02 00:00:50.953 [main] ERROR com.revature.BankApp.App - We've just greeted the user!
2022-05-02 00:00:50.953 [main] FATAL com.revature.BankApp.App - We've just greeted the user!
2022-05-02 00:01:31.076 [main] INFO  com.revature.BankApp.App - Checking if the customer's username exists...
2022-05-02 00:01:49.018 [main] INFO  com.revature.BankApp.App - Checking if password matches the customer's username...
2022-05-02 00:02:05.691 [main] INFO  com.revature.BankApp.App - Getting all of the customer's accounts...
2022-05-02 00:02:11.252 [main] INFO  com.revature.BankApp.App - Checking if the inputted account exists and if it belongs to the customer...
2022-05-02 00:02:11.300 [main] INFO  com.revature.BankApp.App - Assigning the inputted account to an account model...
2022-05-02 00:02:23.409 [main] INFO  com.revature.BankApp.App - Updating the account with the new balance...
2022-05-02 00:02:23.458 [main] INFO  com.revature.BankApp.App - Getting all of the customer's accounts...
2022-05-02 00:12:31.241 [main] INFO  com.revature.BankApp.App - Checking if the employee's username exists...
2022-05-02 00:12:34.221 [main] INFO  com.revature.BankApp.App - Checking if password matches the employee's username...
2022-05-02 00:12:40.099 [main] INFO  com.revature.BankApp.App - Getting all accounts of all customers...
2022-05-02 00:12:48.000 [main] INFO  com.revature.BankApp.App - Getting all info of all customers...
2022-05-02 00:29:41.147 [main] INFO  com.revature.BankApp.App - Checking if the admin's username exists...
2022-05-02 00:29:44.194 [main] INFO  com.revature.BankApp.App - Checking if password matches the admin's username...
2022-05-02 00:29:48.644 [main] INFO  com.revature.BankApp.App - Getting all accounts...
2022-05-02 00:29:56.415 [main] INFO  com.revature.BankApp.App - Checking if the account exists...
2022-05-02 00:29:56.468 [main] INFO  com.revature.BankApp.App - Deleting the account...
2022-05-02 00:29:56.584 [main] INFO  com.revature.BankApp.App - Getting all accounts...
2022-05-02 01:57:07.882 [main] INFO  com.revature.BankApp.App - Checking if the customer's username exists...
2022-05-02 01:57:10.790 [main] INFO  com.revature.BankApp.App - Checking if password matches the customer's username...
2022-05-02 01:57:13.402 [main] INFO  com.revature.BankApp.App - Getting all of the customer's accounts...
2022-05-02 01:57:15.674 [main] INFO  com.revature.BankApp.App - Checking if the account exists and if it belongs to the customer...
2022-05-02 01:57:15.722 [main] INFO  com.revature.BankApp.App - Getting all of the customer's accounts...
2022-05-02 01:57:22.559 [main] INFO  com.revature.BankApp.App - Checking if the account exists and if it belongs to the customer...
2022-05-02 01:57:22.609 [main] INFO  com.revature.BankApp.App - Getting all of the customer's accounts...
2022-05-02 01:57:24.301 [main] INFO  com.revature.BankApp.App - Checking if the account exists and if it belongs to the customer...
2022-05-02 01:57:24.350 [main] INFO  com.revature.BankApp.App - Assigning the account to an account model...
2022-05-02 01:57:30.342 [main] INFO  com.revature.BankApp.App - Updating the account with the new balance...
2022-05-02 01:57:30.394 [main] INFO  com.revature.BankApp.App - Getting all of the customer's accounts...
2022-05-02 01:57:47.921 [main] INFO  com.revature.BankApp.App - Checking if the employee's username exists...
2022-05-02 01:57:50.421 [main] INFO  com.revature.BankApp.App - Checking if password matches the employee's username...
2022-05-02 01:57:54.570 [main] INFO  com.revature.BankApp.App - Getting all accounts of all customers...
2022-05-02 01:59:03.839 [main] INFO  com.revature.BankApp.App - Checking if the employee's username exists...
2022-05-02 01:59:08.572 [main] INFO  com.revature.BankApp.App - Checking if password matches the employee's username...
2022-05-02 01:59:11.578 [main] INFO  com.revature.BankApp.App - Getting all accounts of all customers...
2022-05-02 01:59:17.062 [main] INFO  com.revature.BankApp.App - Getting all info of all customers...
2022-05-02 02:00:26.859 [main] INFO  com.revature.BankApp.App - Checking if the employee's username exists...
2022-05-02 02:00:29.388 [main] INFO  com.revature.BankApp.App - Checking if password matches the employee's username...
2022-05-02 02:00:31.340 [main] INFO  com.revature.BankApp.App - Getting all info of all customers...
2022-05-02 02:00:36.425 [main] INFO  com.revature.BankApp.App - Getting all accounts of all customers...
2022-05-02 02:01:53.517 [main] INFO  com.revature.BankApp.App - Checking if the admin's username exists...
2022-05-02 02:01:56.330 [main] INFO  com.revature.BankApp.App - Checking if password matches the admin's username...
2022-05-02 02:02:05.016 [main] INFO  com.revature.BankApp.App - Getting all accounts...
2022-05-02 02:02:07.632 [main] INFO  com.revature.BankApp.App - Checking if the account exists...
2022-05-02 02:02:07.683 [main] INFO  com.revature.BankApp.App - Assigning the account to an account model...
2022-05-02 02:02:09.249 [main] INFO  com.revature.BankApp.App - Getting all accounts...
2022-05-02 02:02:12.632 [main] INFO  com.revature.BankApp.App - Checking if the account exists...
2022-05-02 02:02:12.700 [main] INFO  com.revature.BankApp.App - Assigning the account to an account model...
2022-05-02 02:02:13.373 [main] INFO  com.revature.BankApp.App - Getting all accounts...
2022-05-02 09:30:23.949 [main] INFO  com.revature.BankApp.App - Checking if customer's username already exists...
2022-05-02 09:30:28.130 [main] INFO  com.revature.BankApp.App - Creating a new customer...
2022-05-02 09:30:33.313 [main] INFO  com.revature.BankApp.App - Creating a new account application...
2022-05-02 09:30:52.347 [main] INFO  com.revature.BankApp.App - Checking if the employee's username exists...
2022-05-02 09:30:56.652 [main] INFO  com.revature.BankApp.App - Checking if password matches the employee's username...
2022-05-02 09:31:10.447 [main] INFO  com.revature.BankApp.App - Getting all open applications...
2022-05-02 09:32:39.709 [main] INFO  com.revature.BankApp.App - Checking if the employee's username exists...
2022-05-02 09:32:42.418 [main] INFO  com.revature.BankApp.App - Checking if password matches the employee's username...
2022-05-02 09:32:47.317 [main] INFO  com.revature.BankApp.App - Getting all open applications...
2022-05-02 09:33:04.787 [main] INFO  com.revature.BankApp.App - Checking if the application exists...
2022-05-02 09:33:04.836 [main] INFO  com.revature.BankApp.App - Assigning the new account owner...
2022-05-02 09:33:04.884 [main] INFO  com.revature.BankApp.App - Creating the new account...
2022-05-02 09:33:04.931 [main] INFO  com.revature.BankApp.App - Deleting the application...
2022-05-02 09:33:05.027 [main] INFO  com.revature.BankApp.App - Getting all open applications...
2022-05-02 09:33:24.662 [main] INFO  com.revature.BankApp.App - Checking if the customer's username exists...
2022-05-02 09:33:36.778 [main] INFO  com.revature.BankApp.App - Checking if password matches the customer's username...
2022-05-02 09:33:43.630 [main] INFO  com.revature.BankApp.App - Getting all of the customer's accounts...
2022-05-02 09:33:51.157 [main] INFO  com.revature.BankApp.App - Checking if the account exists and if it belongs to the customer...
2022-05-02 09:33:51.211 [main] INFO  com.revature.BankApp.App - Assigning the account to an account model...
2022-05-02 09:34:22.053 [main] INFO  com.revature.BankApp.App - Updating the account with the new balance...
2022-05-02 09:34:22.104 [main] INFO  com.revature.BankApp.App - Getting all of the customer's accounts...
2022-05-02 09:34:33.044 [main] INFO  com.revature.BankApp.App - Checking if the customer's username exists...
2022-05-02 09:34:35.367 [main] INFO  com.revature.BankApp.App - Checking if password matches the customer's username...
2022-05-02 09:34:37.087 [main] INFO  com.revature.BankApp.App - Getting all of the customer's accounts...
2022-05-02 09:34:40.091 [main] INFO  com.revature.BankApp.App - Checking if the account exists and if it belongs to the customer...
2022-05-02 09:34:40.151 [main] INFO  com.revature.BankApp.App - Assigning the account to an account model...
2022-05-02 09:34:42.104 [main] INFO  com.revature.BankApp.App - Updating the account with the new balance...
2022-05-02 09:34:42.151 [main] INFO  com.revature.BankApp.App - Getting all of the customer's accounts...
2022-05-02 09:34:53.545 [main] INFO  com.revature.BankApp.App - Checking if the customer's username exists...
2022-05-02 09:34:55.958 [main] INFO  com.revature.BankApp.App - Checking if password matches the customer's username...
2022-05-02 09:34:59.085 [main] INFO  com.revature.BankApp.App - Checking if the customer has more than 1 account...
2022-05-02 09:35:08.143 [main] INFO  com.revature.BankApp.App - Getting all of the customers minus the current customer...
2022-05-02 09:35:18.000 [main] INFO  com.revature.BankApp.App - Checking if the customer number exists and that it isn't the current customer's number...
2022-05-02 09:35:18.095 [main] INFO  com.revature.BankApp.App - Adding the two customers to the same joint account model...
2022-05-02 09:35:18.143 [main] INFO  com.revature.BankApp.App - Creating a new joint account application...
2022-05-02 09:35:18.190 [main] INFO  com.revature.BankApp.App - Getting all of the customers minus the current customer...
2022-05-02 09:35:32.432 [main] INFO  com.revature.BankApp.App - Checking if the admin's username exists...
2022-05-02 09:35:35.115 [main] INFO  com.revature.BankApp.App - Checking if password matches the admin's username...
2022-05-02 09:35:38.229 [main] INFO  com.revature.BankApp.App - Getting all open applications...
2022-05-02 09:35:44.367 [main] INFO  com.revature.BankApp.App - Checking if the application exists...
2022-05-02 09:35:44.418 [main] INFO  com.revature.BankApp.App - Assigning the new account owner...
2022-05-02 09:35:44.470 [main] INFO  com.revature.BankApp.App - Creating the new account...
2022-05-02 09:35:44.525 [main] INFO  com.revature.BankApp.App - Deleting the application...
2022-05-02 09:35:44.620 [main] INFO  com.revature.BankApp.App - Getting all open applications...
2022-05-02 09:36:29.426 [main] INFO  com.revature.BankApp.App - Checking if the customer's username exists...
2022-05-02 09:36:32.749 [main] INFO  com.revature.BankApp.App - Checking if password matches the customer's username...
2022-05-02 09:36:35.706 [main] INFO  com.revature.BankApp.App - Checking if the customer has more than 1 account...
2022-05-02 09:36:35.752 [main] INFO  com.revature.BankApp.App - Getting all of the customer's accounts...
2022-05-02 09:36:44.166 [main] INFO  com.revature.BankApp.App - Checking if the account exists and if it belongs to the customer...
2022-05-02 09:36:44.216 [main] INFO  com.revature.BankApp.App - Assigning the account to an account model...
2022-05-02 09:36:44.264 [main] INFO  com.revature.BankApp.App - Getting all of the customer's accounts minus the account they're transferring from...
2022-05-02 09:36:51.965 [main] INFO  com.revature.BankApp.App - Checking if the account exists, if it belongs to the customer and if it isn't the same account they're transferring from...
2022-05-02 09:36:52.022 [main] INFO  com.revature.BankApp.App - Assigning the account to another account model...
2022-05-02 09:36:56.853 [main] INFO  com.revature.BankApp.App - Getting all of the customer's accounts...
2022-05-02 09:37:01.002 [main] INFO  com.revature.BankApp.App - Checking if the account exists and if it belongs to the customer...
2022-05-02 09:37:01.050 [main] INFO  com.revature.BankApp.App - Getting all of the customer's accounts...
2022-05-02 09:37:14.822 [main] INFO  com.revature.BankApp.App - Checking if the account exists and if it belongs to the customer...
2022-05-02 09:37:14.873 [main] INFO  com.revature.BankApp.App - Assigning the account to an account model...
2022-05-02 09:37:14.920 [main] INFO  com.revature.BankApp.App - Getting all of the customer's accounts minus the account they're transferring from...
2022-05-02 09:37:17.713 [main] INFO  com.revature.BankApp.App - Checking if the account exists, if it belongs to the customer and if it isn't the same account they're transferring from...
2022-05-02 09:37:17.758 [main] INFO  com.revature.BankApp.App - Assigning the account to another account model...
2022-05-02 09:37:20.108 [main] INFO  com.revature.BankApp.App - Updating both accounts with their new balances...
2022-05-02 09:37:20.208 [main] INFO  com.revature.BankApp.App - Getting all of the customer's accounts...
2022-05-02 09:38:10.593 [main] INFO  com.revature.BankApp.App - Checking if the admin's username exists...
2022-05-02 09:38:13.214 [main] INFO  com.revature.BankApp.App - Checking if password matches the admin's username...
2022-05-02 09:38:15.412 [main] INFO  com.revature.BankApp.App - Getting all accounts...
2022-05-02 09:38:18.636 [main] INFO  com.revature.BankApp.App - Checking if the account exists...
2022-05-02 09:38:18.683 [main] INFO  com.revature.BankApp.App - Deleting the account...
2022-05-02 09:38:18.776 [main] INFO  com.revature.BankApp.App - Getting all accounts...
2022-05-02 09:54:49.983 [main] INFO  com.revature.BankApp.App - Checking if customer's username already exists...
2022-05-02 09:54:53.357 [main] INFO  com.revature.BankApp.App - Creating a new customer...
2022-05-02 09:54:59.213 [main] INFO  com.revature.BankApp.App - Creating a new account application...
2022-05-02 09:55:12.073 [main] INFO  com.revature.BankApp.App - Checking if the employee's username exists...
2022-05-02 09:55:14.352 [main] INFO  com.revature.BankApp.App - Checking if password matches the employee's username...
2022-05-02 09:55:16.958 [main] INFO  com.revature.BankApp.App - Getting all open applications...
2022-05-02 09:55:22.625 [main] INFO  com.revature.BankApp.App - Checking if the application exists...
2022-05-02 09:55:22.675 [main] INFO  com.revature.BankApp.App - Assigning the new account owner...
2022-05-02 09:55:22.719 [main] INFO  com.revature.BankApp.App - Creating the new account...
2022-05-02 09:55:22.766 [main] INFO  com.revature.BankApp.App - Deleting the application...
2022-05-02 09:55:22.859 [main] INFO  com.revature.BankApp.App - Getting all open applications...
2022-05-02 09:55:42.008 [main] INFO  com.revature.BankApp.App - Checking if the customer's username exists...
2022-05-02 09:55:44.463 [main] INFO  com.revature.BankApp.App - Checking if password matches the customer's username...
2022-05-02 09:55:52.951 [main] INFO  com.revature.BankApp.App - Getting all of the customer's accounts...
2022-05-02 09:55:55.857 [main] INFO  com.revature.BankApp.App - Checking if the account exists and if it belongs to the customer...
2022-05-02 09:55:55.905 [main] INFO  com.revature.BankApp.App - Getting all of the customer's accounts...
2022-05-02 09:56:00.656 [main] INFO  com.revature.BankApp.App - Checking if the account exists and if it belongs to the customer...
2022-05-02 09:56:00.704 [main] INFO  com.revature.BankApp.App - Assigning the account to an account model...
2022-05-02 09:56:03.234 [main] INFO  com.revature.BankApp.App - Updating the account with the new balance...
2022-05-02 09:56:03.282 [main] INFO  com.revature.BankApp.App - Getting all of the customer's accounts...
2022-05-02 09:56:23.064 [main] INFO  com.revature.BankApp.App - Checking if the customer's username exists...
2022-05-02 09:56:25.302 [main] INFO  com.revature.BankApp.App - Checking if password matches the customer's username...
2022-05-02 09:56:27.266 [main] INFO  com.revature.BankApp.App - Getting all of the customer's accounts...
2022-05-02 09:56:30.552 [main] INFO  com.revature.BankApp.App - Checking if the account exists and if it belongs to the customer...
2022-05-02 09:56:30.604 [main] INFO  com.revature.BankApp.App - Assigning the account to an account model...
2022-05-02 09:56:32.274 [main] INFO  com.revature.BankApp.App - Updating the account with the new balance...
2022-05-02 09:56:32.323 [main] INFO  com.revature.BankApp.App - Getting all of the customer's accounts...
2022-05-02 09:56:42.343 [main] INFO  com.revature.BankApp.App - Checking if the customer's username exists...
2022-05-02 09:56:44.553 [main] INFO  com.revature.BankApp.App - Checking if password matches the customer's username...
2022-05-02 09:56:50.398 [main] INFO  com.revature.BankApp.App - Checking if the customer has more than 1 account...
2022-05-02 09:56:56.728 [main] INFO  com.revature.BankApp.App - Getting all of the customers minus the current customer...
2022-05-02 09:57:02.719 [main] INFO  com.revature.BankApp.App - Checking if the customer number exists and that it isn't the current customer's number...
2022-05-02 09:57:02.819 [main] INFO  com.revature.BankApp.App - Adding the two customers to the same joint account model...
2022-05-02 09:57:02.867 [main] INFO  com.revature.BankApp.App - Creating a new joint account application...
2022-05-02 09:57:02.914 [main] INFO  com.revature.BankApp.App - Getting all of the customers minus the current customer...
2022-05-02 09:57:16.268 [main] INFO  com.revature.BankApp.App - Checking if the admin's username exists...
2022-05-02 09:57:18.431 [main] INFO  com.revature.BankApp.App - Checking if password matches the admin's username...
2022-05-02 09:57:22.904 [main] INFO  com.revature.BankApp.App - Getting all open applications...
2022-05-02 09:57:28.450 [main] INFO  com.revature.BankApp.App - Checking if the application exists...
2022-05-02 09:57:28.498 [main] INFO  com.revature.BankApp.App - Assigning the new account owner...
2022-05-02 09:57:28.543 [main] INFO  com.revature.BankApp.App - Creating the new account...
2022-05-02 09:57:28.591 [main] INFO  com.revature.BankApp.App - Deleting the application...
2022-05-02 09:57:28.680 [main] INFO  com.revature.BankApp.App - Getting all open applications...
2022-05-02 09:57:45.285 [main] INFO  com.revature.BankApp.App - Checking if the customer's username exists...
2022-05-02 09:57:48.052 [main] INFO  com.revature.BankApp.App - Checking if password matches the customer's username...
2022-05-02 09:57:50.569 [main] INFO  com.revature.BankApp.App - Checking if the customer has more than 1 account...
2022-05-02 09:57:50.618 [main] INFO  com.revature.BankApp.App - Getting all of the customer's accounts...
2022-05-02 09:57:58.710 [main] INFO  com.revature.BankApp.App - Checking if the account exists and if it belongs to the customer...
2022-05-02 09:57:58.758 [main] INFO  com.revature.BankApp.App - Assigning the account to an account model...
2022-05-02 09:57:58.821 [main] INFO  com.revature.BankApp.App - Getting all of the customer's accounts minus the account they're transferring from...
2022-05-02 09:58:04.337 [main] INFO  com.revature.BankApp.App - Checking if the account exists, if it belongs to the customer and if it isn't the same account they're transferring from...
2022-05-02 09:58:04.384 [main] INFO  com.revature.BankApp.App - Assigning the account to another account model...
2022-05-02 09:58:10.126 [main] INFO  com.revature.BankApp.App - Getting all of the customer's accounts...
2022-05-02 09:58:12.797 [main] INFO  com.revature.BankApp.App - Checking if the account exists and if it belongs to the customer...
2022-05-02 09:58:12.843 [main] INFO  com.revature.BankApp.App - Assigning the account to an account model...
2022-05-02 09:58:12.888 [main] INFO  com.revature.BankApp.App - Getting all of the customer's accounts minus the account they're transferring from...
2022-05-02 09:58:14.082 [main] INFO  com.revature.BankApp.App - Checking if the account exists, if it belongs to the customer and if it isn't the same account they're transferring from...
2022-05-02 09:58:14.135 [main] INFO  com.revature.BankApp.App - Assigning the account to another account model...
2022-05-02 09:58:19.826 [main] INFO  com.revature.BankApp.App - Updating both accounts with their new balances...
2022-05-02 09:58:19.925 [main] INFO  com.revature.BankApp.App - Getting all of the customer's accounts...
2022-05-02 10:03:24.070 [main] INFO  com.revature.BankApp.App - Checking if customer's username already exists...
2022-05-02 10:04:02.486 [main] INFO  com.revature.BankApp.App - Checking if customer's username already exists...
2022-05-02 10:04:05.310 [main] INFO  com.revature.BankApp.App - Creating a new customer...
2022-05-02 10:04:07.954 [main] INFO  com.revature.BankApp.App - Creating a new account application...
2022-05-02 10:04:19.635 [main] INFO  com.revature.BankApp.App - Checking if the employee's username exists...
2022-05-02 10:04:22.039 [main] INFO  com.revature.BankApp.App - Checking if password matches the employee's username...
2022-05-02 10:04:24.540 [main] INFO  com.revature.BankApp.App - Getting all open applications...
2022-05-02 10:04:27.612 [main] INFO  com.revature.BankApp.App - Checking if the application exists...
2022-05-02 10:04:27.661 [main] INFO  com.revature.BankApp.App - Assigning the new account owner...
2022-05-02 10:04:27.709 [main] INFO  com.revature.BankApp.App - Creating the new account...
2022-05-02 10:04:27.759 [main] INFO  com.revature.BankApp.App - Deleting the application...
2022-05-02 10:04:27.855 [main] INFO  com.revature.BankApp.App - Getting all open applications...
2022-05-02 10:04:46.218 [main] INFO  com.revature.BankApp.App - Checking if the customer's username exists...
2022-05-02 10:04:51.002 [main] INFO  com.revature.BankApp.App - Checking if password matches the customer's username...
2022-05-02 10:04:53.167 [main] INFO  com.revature.BankApp.App - Getting all of the customer's accounts...
2022-05-02 10:04:55.283 [main] INFO  com.revature.BankApp.App - Checking if the account exists and if it belongs to the customer...
2022-05-02 10:04:55.334 [main] INFO  com.revature.BankApp.App - Getting all of the customer's accounts...
2022-05-02 10:04:57.369 [main] INFO  com.revature.BankApp.App - Checking if the account exists and if it belongs to the customer...
2022-05-02 10:04:57.425 [main] INFO  com.revature.BankApp.App - Assigning the account to an account model...
2022-05-02 10:04:58.990 [main] INFO  com.revature.BankApp.App - Updating the account with the new balance...
2022-05-02 10:04:59.040 [main] INFO  com.revature.BankApp.App - Getting all of the customer's accounts...
2022-05-02 10:05:11.102 [main] INFO  com.revature.BankApp.App - Checking if the customer's username exists...
2022-05-02 10:05:13.478 [main] INFO  com.revature.BankApp.App - Checking if password matches the customer's username...
2022-05-02 10:05:15.687 [main] INFO  com.revature.BankApp.App - Getting all of the customer's accounts...
2022-05-02 10:05:18.825 [main] INFO  com.revature.BankApp.App - Checking if the account exists and if it belongs to the customer...
2022-05-02 10:05:18.873 [main] INFO  com.revature.BankApp.App - Assigning the account to an account model...
2022-05-02 10:05:20.890 [main] INFO  com.revature.BankApp.App - Updating the account with the new balance...
2022-05-02 10:05:20.938 [main] INFO  com.revature.BankApp.App - Getting all of the customer's accounts...
2022-05-02 10:05:32.411 [main] INFO  com.revature.BankApp.App - Checking if the customer's username exists...
2022-05-02 10:05:35.566 [main] INFO  com.revature.BankApp.App - Checking if password matches the customer's username...
2022-05-02 10:05:39.137 [main] INFO  com.revature.BankApp.App - Checking if the customer has more than 1 account...
2022-05-02 10:05:47.371 [main] INFO  com.revature.BankApp.App - Getting all of the customers minus the current customer...
2022-05-02 10:05:52.106 [main] INFO  com.revature.BankApp.App - Checking if the customer number exists and that it isn't the current customer's number...
2022-05-02 10:05:52.199 [main] INFO  com.revature.BankApp.App - Adding the two customers to the same joint account model...
2022-05-02 10:05:52.245 [main] INFO  com.revature.BankApp.App - Creating a new joint account application...
2022-05-02 10:05:52.296 [main] INFO  com.revature.BankApp.App - Getting all of the customers minus the current customer...
2022-05-02 10:06:01.899 [main] INFO  com.revature.BankApp.App - Checking if the admin's username exists...
2022-05-02 10:06:04.656 [main] INFO  com.revature.BankApp.App - Checking if password matches the admin's username...
2022-05-02 10:06:08.533 [main] INFO  com.revature.BankApp.App - Getting all open applications...
2022-05-02 10:06:13.711 [main] INFO  com.revature.BankApp.App - Checking if the application exists...
2022-05-02 10:06:13.761 [main] INFO  com.revature.BankApp.App - Assigning the new account owner...
2022-05-02 10:06:13.808 [main] INFO  com.revature.BankApp.App - Creating the new account...
2022-05-02 10:06:13.858 [main] INFO  com.revature.BankApp.App - Deleting the application...
2022-05-02 10:06:13.956 [main] INFO  com.revature.BankApp.App - Getting all open applications...
2022-05-02 10:06:26.073 [main] INFO  com.revature.BankApp.App - Checking if the customer's username exists...
2022-05-02 10:06:29.649 [main] INFO  com.revature.BankApp.App - Checking if password matches the customer's username...
2022-05-02 10:06:32.315 [main] INFO  com.revature.BankApp.App - Checking if the customer has more than 1 account...
2022-05-02 10:06:32.369 [main] INFO  com.revature.BankApp.App - Getting all of the customer's accounts...
2022-05-02 10:07:16.042 [main] INFO  com.revature.BankApp.App - Checking if the account exists and if it belongs to the customer...
2022-05-02 10:07:16.091 [main] INFO  com.revature.BankApp.App - Assigning the account to an account model...
2022-05-02 10:07:16.138 [main] INFO  com.revature.BankApp.App - Getting all of the customer's accounts minus the account they're transferring from...
2022-05-02 10:07:24.305 [main] INFO  com.revature.BankApp.App - Checking if the account exists, if it belongs to the customer and if it isn't the same account they're transferring from...
2022-05-02 10:07:24.354 [main] INFO  com.revature.BankApp.App - Assigning the account to another account model...
2022-05-02 10:07:29.403 [main] INFO  com.revature.BankApp.App - Getting all of the customer's accounts...
2022-05-02 10:07:33.455 [main] INFO  com.revature.BankApp.App - Checking if the account exists and if it belongs to the customer...
2022-05-02 10:07:33.533 [main] INFO  com.revature.BankApp.App - Getting all of the customer's accounts...
2022-05-02 10:07:37.105 [main] INFO  com.revature.BankApp.App - Checking if the account exists and if it belongs to the customer...
2022-05-02 10:07:37.153 [main] INFO  com.revature.BankApp.App - Assigning the account to an account model...
2022-05-02 10:07:37.200 [main] INFO  com.revature.BankApp.App - Getting all of the customer's accounts minus the account they're transferring from...
2022-05-02 10:07:40.456 [main] INFO  com.revature.BankApp.App - Checking if the account exists, if it belongs to the customer and if it isn't the same account they're transferring from...
2022-05-02 10:07:40.457 [main] INFO  com.revature.BankApp.App - Getting all of the customer's accounts...
2022-05-02 10:07:42.786 [main] INFO  com.revature.BankApp.App - Checking if the account exists and if it belongs to the customer...
2022-05-02 10:07:42.832 [main] INFO  com.revature.BankApp.App - Assigning the account to an account model...
2022-05-02 10:07:42.879 [main] INFO  com.revature.BankApp.App - Getting all of the customer's accounts minus the account they're transferring from...
2022-05-02 10:07:47.109 [main] INFO  com.revature.BankApp.App - Checking if the account exists, if it belongs to the customer and if it isn't the same account they're transferring from...
2022-05-02 10:07:47.157 [main] INFO  com.revature.BankApp.App - Assigning the account to another account model...
2022-05-02 10:08:05.539 [main] INFO  com.revature.BankApp.App - Updating both accounts with their new balances...
2022-05-02 10:08:05.640 [main] INFO  com.revature.BankApp.App - Getting all of the customer's accounts...
2022-05-02 10:29:35.749 [main] INFO  com.revature.BankApp.App - Checking if customer's username already exists...
2022-05-02 10:29:39.112 [main] INFO  com.revature.BankApp.App - Creating a new customer...
2022-05-02 10:29:44.613 [main] INFO  com.revature.BankApp.App - Creating a new account application...
2022-05-02 10:30:06.582 [main] INFO  com.revature.BankApp.App - Checking if the customer's username exists...
2022-05-02 10:30:09.836 [main] INFO  com.revature.BankApp.App - Checking if password matches the customer's username...
2022-05-02 10:30:11.872 [main] INFO  com.revature.BankApp.App - Getting all of the customer's accounts...
2022-05-02 10:30:26.260 [main] INFO  com.revature.BankApp.App - Checking if the employee's username exists...
2022-05-02 10:30:29.092 [main] INFO  com.revature.BankApp.App - Checking if password matches the employee's username...
2022-05-02 10:30:31.155 [main] INFO  com.revature.BankApp.App - Getting all open applications...
2022-05-02 10:30:33.881 [main] INFO  com.revature.BankApp.App - Checking if the application exists...
2022-05-02 10:30:33.930 [main] INFO  com.revature.BankApp.App - Assigning the new account owner...
2022-05-02 10:30:33.976 [main] INFO  com.revature.BankApp.App - Creating the new account...
2022-05-02 10:30:34.025 [main] INFO  com.revature.BankApp.App - Deleting the application...
2022-05-02 10:30:34.121 [main] INFO  com.revature.BankApp.App - Getting all open applications...
2022-05-02 10:30:43.210 [main] INFO  com.revature.BankApp.App - Checking if the customer's username exists...
2022-05-02 10:30:45.542 [main] INFO  com.revature.BankApp.App - Checking if password matches the customer's username...
2022-05-02 10:30:47.106 [main] INFO  com.revature.BankApp.App - Getting all of the customer's accounts...
2022-05-02 10:30:50.984 [main] INFO  com.revature.BankApp.App - Checking if the account exists and if it belongs to the customer...
2022-05-02 10:30:51.037 [main] INFO  com.revature.BankApp.App - Assigning the account to an account model...
2022-05-02 10:30:52.596 [main] INFO  com.revature.BankApp.App - Updating the account with the new balance...
2022-05-02 10:30:52.651 [main] INFO  com.revature.BankApp.App - Getting all of the customer's accounts...
2022-05-02 10:31:08.311 [main] INFO  com.revature.BankApp.App - Checking if the customer's username exists...
2022-05-02 10:31:10.678 [main] INFO  com.revature.BankApp.App - Checking if password matches the customer's username...
2022-05-02 10:31:11.922 [main] INFO  com.revature.BankApp.App - Getting all of the customer's accounts...
2022-05-02 10:31:15.212 [main] INFO  com.revature.BankApp.App - Checking if the account exists and if it belongs to the customer...
2022-05-02 10:31:15.260 [main] INFO  com.revature.BankApp.App - Assigning the account to an account model...
2022-05-02 10:31:17.533 [main] INFO  com.revature.BankApp.App - Updating the account with the new balance...
2022-05-02 10:31:17.582 [main] INFO  com.revature.BankApp.App - Getting all of the customer's accounts...
2022-05-02 10:31:30.684 [main] INFO  com.revature.BankApp.App - Checking if the customer's username exists...
2022-05-02 10:31:34.498 [main] INFO  com.revature.BankApp.App - Checking if password matches the customer's username...
2022-05-02 10:31:36.150 [main] INFO  com.revature.BankApp.App - Checking if the customer has more than 1 account...
2022-05-02 10:31:41.716 [main] INFO  com.revature.BankApp.App - Getting all of the customers minus the current customer...
2022-05-02 10:31:47.937 [main] INFO  com.revature.BankApp.App - Checking if the customer number exists and that it isn't the current customer's number...
2022-05-02 10:31:48.032 [main] INFO  com.revature.BankApp.App - Adding the two customers to the same joint account model...
2022-05-02 10:31:48.081 [main] INFO  com.revature.BankApp.App - Creating a new joint account application...
2022-05-02 10:31:48.134 [main] INFO  com.revature.BankApp.App - Getting all of the customers minus the current customer...
2022-05-02 10:32:39.826 [main] INFO  com.revature.BankApp.App - Checking if the admin's username exists...
2022-05-02 10:32:42.459 [main] INFO  com.revature.BankApp.App - Checking if password matches the admin's username...
2022-05-02 10:32:48.653 [main] INFO  com.revature.BankApp.App - Getting all open applications...
2022-05-02 10:33:05.682 [main] INFO  com.revature.BankApp.App - Checking if the application exists...
2022-05-02 10:33:05.732 [main] INFO  com.revature.BankApp.App - Assigning the new account owner...
2022-05-02 10:33:05.781 [main] INFO  com.revature.BankApp.App - Creating the new account...
2022-05-02 10:33:05.829 [main] INFO  com.revature.BankApp.App - Deleting the application...
2022-05-02 10:33:05.925 [main] INFO  com.revature.BankApp.App - Getting all open applications...
2022-05-02 10:33:58.076 [main] INFO  com.revature.BankApp.App - Checking if customer's username already exists...
2022-05-02 10:34:02.319 [main] INFO  com.revature.BankApp.App - Creating a new customer...
2022-05-02 10:34:05.861 [main] INFO  com.revature.BankApp.App - Creating a new account application...
2022-05-02 10:34:18.790 [main] INFO  com.revature.BankApp.App - Checking if the employee's username exists...
2022-05-02 10:34:23.248 [main] INFO  com.revature.BankApp.App - Checking if password matches the employee's username...
2022-05-02 10:34:27.015 [main] INFO  com.revature.BankApp.App - Getting all open applications...
2022-05-02 10:34:29.565 [main] INFO  com.revature.BankApp.App - Checking if the application exists...
2022-05-02 10:34:29.611 [main] INFO  com.revature.BankApp.App - Assigning the new account owner...
2022-05-02 10:34:29.657 [main] INFO  com.revature.BankApp.App - Creating the new account...
2022-05-02 10:34:29.704 [main] INFO  com.revature.BankApp.App - Deleting the application...
2022-05-02 10:34:29.792 [main] INFO  com.revature.BankApp.App - Getting all open applications...
2022-05-02 10:34:39.631 [main] INFO  com.revature.BankApp.App - Checking if the customer's username exists...
2022-05-02 10:34:43.693 [main] INFO  com.revature.BankApp.App - Checking if password matches the customer's username...
2022-05-02 10:34:45.643 [main] INFO  com.revature.BankApp.App - Getting all of the customer's accounts...
2022-05-02 10:34:48.196 [main] INFO  com.revature.BankApp.App - Checking if the account exists and if it belongs to the customer...
2022-05-02 10:34:48.246 [main] INFO  com.revature.BankApp.App - Assigning the account to an account model...
2022-05-02 10:34:50.369 [main] INFO  com.revature.BankApp.App - Updating the account with the new balance...
2022-05-02 10:34:50.417 [main] INFO  com.revature.BankApp.App - Getting all of the customer's accounts...
2022-05-02 10:35:01.865 [main] INFO  com.revature.BankApp.App - Checking if the customer's username exists...
2022-05-02 10:35:04.811 [main] INFO  com.revature.BankApp.App - Checking if password matches the customer's username...
2022-05-02 10:35:07.088 [main] INFO  com.revature.BankApp.App - Getting all of the customer's accounts...
2022-05-02 10:35:09.042 [main] INFO  com.revature.BankApp.App - Checking if the account exists and if it belongs to the customer...
2022-05-02 10:35:09.089 [main] INFO  com.revature.BankApp.App - Assigning the account to an account model...
2022-05-02 10:35:12.339 [main] INFO  com.revature.BankApp.App - Updating the account with the new balance...
2022-05-02 10:35:12.390 [main] INFO  com.revature.BankApp.App - Getting all of the customer's accounts...
2022-05-02 10:35:21.815 [main] INFO  com.revature.BankApp.App - Checking if the customer's username exists...
2022-05-02 10:35:24.190 [main] INFO  com.revature.BankApp.App - Checking if password matches the customer's username...
2022-05-02 10:35:26.598 [main] INFO  com.revature.BankApp.App - Checking if the customer has more than 1 account...
2022-05-02 10:35:30.872 [main] INFO  com.revature.BankApp.App - Getting all of the customers minus the current customer...
2022-05-02 10:35:37.737 [main] INFO  com.revature.BankApp.App - Checking if the customer number exists and that it isn't the current customer's number...
2022-05-02 10:35:37.841 [main] INFO  com.revature.BankApp.App - Adding the two customers to the same joint account model...
2022-05-02 10:35:37.890 [main] INFO  com.revature.BankApp.App - Creating a new joint account application...
2022-05-02 10:35:37.938 [main] INFO  com.revature.BankApp.App - Getting all of the customers minus the current customer...
2022-05-02 10:35:48.416 [main] INFO  com.revature.BankApp.App - Checking if the admin's username exists...
2022-05-02 10:35:51.302 [main] INFO  com.revature.BankApp.App - Checking if password matches the admin's username...
2022-05-02 10:35:53.432 [main] INFO  com.revature.BankApp.App - Getting all open applications...
2022-05-02 10:35:58.214 [main] INFO  com.revature.BankApp.App - Checking if the application exists...
2022-05-02 10:35:58.262 [main] INFO  com.revature.BankApp.App - Assigning the new account owner...
2022-05-02 10:35:58.311 [main] INFO  com.revature.BankApp.App - Creating the new account...
2022-05-02 10:35:58.360 [main] INFO  com.revature.BankApp.App - Deleting the application...
2022-05-02 10:35:58.453 [main] INFO  com.revature.BankApp.App - Getting all open applications...
2022-05-02 10:36:08.418 [main] INFO  com.revature.BankApp.App - Checking if the customer's username exists...
2022-05-02 10:36:13.677 [main] INFO  com.revature.BankApp.App - Checking if password matches the customer's username...
2022-05-02 10:36:17.240 [main] INFO  com.revature.BankApp.App - Checking if the customer has more than 1 account...
2022-05-02 10:36:17.284 [main] INFO  com.revature.BankApp.App - Getting all of the customer's accounts...
2022-05-02 10:36:23.649 [main] INFO  com.revature.BankApp.App - Checking if the account exists and if it belongs to the customer...
2022-05-02 10:36:23.700 [main] INFO  com.revature.BankApp.App - Assigning the account to an account model...
2022-05-02 10:36:23.744 [main] INFO  com.revature.BankApp.App - Getting all of the customer's accounts minus the account they're transferring from...
2022-05-02 10:36:26.619 [main] INFO  com.revature.BankApp.App - Checking if the account exists, if it belongs to the customer and if it isn't the same account they're transferring from...
2022-05-02 10:36:26.668 [main] INFO  com.revature.BankApp.App - Assigning the account to another account model...
2022-05-02 10:36:30.229 [main] INFO  com.revature.BankApp.App - Getting all of the customer's accounts...
2022-05-02 10:36:32.775 [main] INFO  com.revature.BankApp.App - Checking if the account exists and if it belongs to the customer...
2022-05-02 10:36:32.822 [main] INFO  com.revature.BankApp.App - Getting all of the customer's accounts...
2022-05-02 10:36:44.243 [main] INFO  com.revature.BankApp.App - Checking if the account exists and if it belongs to the customer...
2022-05-02 10:36:44.288 [main] INFO  com.revature.BankApp.App - Assigning the account to an account model...
2022-05-02 10:36:44.332 [main] INFO  com.revature.BankApp.App - Getting all of the customer's accounts minus the account they're transferring from...
2022-05-02 10:36:46.911 [main] INFO  com.revature.BankApp.App - Checking if the account exists, if it belongs to the customer and if it isn't the same account they're transferring from...
2022-05-02 10:36:46.959 [main] INFO  com.revature.BankApp.App - Assigning the account to another account model...
2022-05-02 10:36:48.965 [main] INFO  com.revature.BankApp.App - Updating both accounts with their new balances...
2022-05-02 10:36:49.058 [main] INFO  com.revature.BankApp.App - Getting all of the customer's accounts...
2022-05-02 10:51:18.401 [main] INFO  com.revature.BankApp.App - Checking if customer's username already exists...
2022-05-02 10:51:22.332 [main] INFO  com.revature.BankApp.App - Creating a new customer...
2022-05-02 10:51:28.840 [main] INFO  com.revature.BankApp.App - Creating a new account application...
2022-05-02 10:51:41.012 [main] INFO  com.revature.BankApp.App - Checking if the employee's username exists...
2022-05-02 10:51:43.743 [main] INFO  com.revature.BankApp.App - Checking if password matches the employee's username...
2022-05-02 10:51:46.702 [main] INFO  com.revature.BankApp.App - Getting all open applications...
2022-05-02 10:51:51.924 [main] INFO  com.revature.BankApp.App - Checking if the application exists...
2022-05-02 10:51:51.971 [main] INFO  com.revature.BankApp.App - Assigning the new account owner...
2022-05-02 10:51:52.018 [main] INFO  com.revature.BankApp.App - Creating the new account...
2022-05-02 10:51:52.066 [main] INFO  com.revature.BankApp.App - Deleting the application...
2022-05-02 10:51:52.156 [main] INFO  com.revature.BankApp.App - Getting all open applications...
2022-05-02 10:52:00.967 [main] INFO  com.revature.BankApp.App - Checking if the customer's username exists...
2022-05-02 10:52:03.799 [main] INFO  com.revature.BankApp.App - Checking if password matches the customer's username...
2022-05-02 10:52:06.041 [main] INFO  com.revature.BankApp.App - Checking if password matches the customer's username...
2022-05-02 10:52:09.625 [main] INFO  com.revature.BankApp.App - Getting all of the customer's accounts...
2022-05-02 10:52:11.690 [main] INFO  com.revature.BankApp.App - Checking if the account exists and if it belongs to the customer...
2022-05-02 10:52:11.767 [main] INFO  com.revature.BankApp.App - Assigning the account to an account model...
2022-05-02 10:52:13.945 [main] INFO  com.revature.BankApp.App - Updating the account with the new balance...
2022-05-02 10:52:13.992 [main] INFO  com.revature.BankApp.App - Getting all of the customer's accounts...
2022-05-02 10:52:23.412 [main] INFO  com.revature.BankApp.App - Checking if the customer's username exists...
2022-05-02 10:52:25.742 [main] INFO  com.revature.BankApp.App - Checking if password matches the customer's username...
2022-05-02 10:52:26.843 [main] INFO  com.revature.BankApp.App - Getting all of the customer's accounts...
2022-05-02 10:52:28.013 [main] INFO  com.revature.BankApp.App - Checking if the account exists and if it belongs to the customer...
2022-05-02 10:52:28.063 [main] INFO  com.revature.BankApp.App - Assigning the account to an account model...
2022-05-02 10:52:30.114 [main] INFO  com.revature.BankApp.App - Updating the account with the new balance...
2022-05-02 10:52:30.166 [main] INFO  com.revature.BankApp.App - Getting all of the customer's accounts...
2022-05-02 10:52:40.428 [main] INFO  com.revature.BankApp.App - Checking if the customer's username exists...
2022-05-02 10:52:43.003 [main] INFO  com.revature.BankApp.App - Checking if password matches the customer's username...
2022-05-02 10:52:45.478 [main] INFO  com.revature.BankApp.App - Checking if the customer has more than 1 account...
2022-05-02 10:52:49.365 [main] INFO  com.revature.BankApp.App - Getting all of the customers minus the current customer...
2022-05-02 10:52:54.933 [main] INFO  com.revature.BankApp.App - Checking if the customer number exists and that it isn't the current customer's number...
2022-05-02 10:52:55.032 [main] INFO  com.revature.BankApp.App - Adding the two customers to the same joint account model...
2022-05-02 10:52:55.078 [main] INFO  com.revature.BankApp.App - Creating a new joint account application...
2022-05-02 10:52:55.127 [main] INFO  com.revature.BankApp.App - Getting all of the customers minus the current customer...
2022-05-02 10:53:05.116 [main] INFO  com.revature.BankApp.App - Checking if the admin's username exists...
2022-05-02 10:53:07.714 [main] INFO  com.revature.BankApp.App - Checking if password matches the admin's username...
2022-05-02 10:53:09.443 [main] INFO  com.revature.BankApp.App - Getting all open applications...
2022-05-02 10:53:11.879 [main] INFO  com.revature.BankApp.App - Checking if the application exists...
2022-05-02 10:53:11.924 [main] INFO  com.revature.BankApp.App - Assigning the new account owner...
2022-05-02 10:53:11.969 [main] INFO  com.revature.BankApp.App - Creating the new account...
2022-05-02 10:53:12.018 [main] INFO  com.revature.BankApp.App - Deleting the application...
2022-05-02 10:53:12.106 [main] INFO  com.revature.BankApp.App - Getting all open applications...
2022-05-02 10:53:22.104 [main] INFO  com.revature.BankApp.App - Checking if the customer's username exists...
2022-05-02 10:53:24.675 [main] INFO  com.revature.BankApp.App - Checking if password matches the customer's username...
2022-05-02 10:53:26.979 [main] INFO  com.revature.BankApp.App - Checking if the customer has more than 1 account...
2022-05-02 10:53:27.024 [main] INFO  com.revature.BankApp.App - Getting all of the customer's accounts...
2022-05-02 10:53:34.602 [main] INFO  com.revature.BankApp.App - Checking if the account exists and if it belongs to the customer...
2022-05-02 10:53:34.655 [main] INFO  com.revature.BankApp.App - Assigning the account to an account model...
2022-05-02 10:53:34.701 [main] INFO  com.revature.BankApp.App - Getting all of the customer's accounts minus the account they're transferring from...
2022-05-02 10:53:40.886 [main] INFO  com.revature.BankApp.App - Checking if the account exists, if it belongs to the customer and if it isn't the same account they're transferring from...
2022-05-02 10:53:40.933 [main] INFO  com.revature.BankApp.App - Assigning the account to another account model...
2022-05-02 10:53:46.260 [main] INFO  com.revature.BankApp.App - Getting all of the customer's accounts...
2022-05-02 10:53:49.747 [main] INFO  com.revature.BankApp.App - Checking if the account exists and if it belongs to the customer...
2022-05-02 10:53:49.793 [main] INFO  com.revature.BankApp.App - Assigning the account to an account model...
2022-05-02 10:53:49.839 [main] INFO  com.revature.BankApp.App - Getting all of the customer's accounts minus the account they're transferring from...
2022-05-02 10:53:51.390 [main] INFO  com.revature.BankApp.App - Checking if the account exists, if it belongs to the customer and if it isn't the same account they're transferring from...
2022-05-02 10:53:51.436 [main] INFO  com.revature.BankApp.App - Assigning the account to another account model...
2022-05-02 10:53:52.809 [main] INFO  com.revature.BankApp.App - Updating both accounts with their new balances...
2022-05-02 10:53:52.904 [main] INFO  com.revature.BankApp.App - Getting all of the customer's accounts...
2022-05-02 10:55:07.475 [main] INFO  com.revature.BankApp.App - Checking if the admin's username exists...
2022-05-02 10:55:10.417 [main] INFO  com.revature.BankApp.App - Checking if password matches the admin's username...
2022-05-02 10:55:12.400 [main] INFO  com.revature.BankApp.App - Getting all accounts...
2022-05-02 10:55:20.769 [main] INFO  com.revature.BankApp.App - Checking if the account exists...
2022-05-02 10:55:20.819 [main] INFO  com.revature.BankApp.App - Deleting the account...
2022-05-02 10:55:20.913 [main] INFO  com.revature.BankApp.App - Getting all accounts...
2022-05-02 10:55:39.979 [main] INFO  com.revature.BankApp.App - Checking if the employee's username exists...
2022-05-02 10:55:42.533 [main] INFO  com.revature.BankApp.App - Checking if password matches the employee's username...
2022-05-02 10:55:46.074 [main] INFO  com.revature.BankApp.App - Getting all open applications...
2022-05-02 10:56:01.744 [main] INFO  com.revature.BankApp.App - Checking if the application exists...
2022-05-02 10:56:01.792 [main] INFO  com.revature.BankApp.App - Deleting the application...
2022-05-02 10:56:01.889 [main] INFO  com.revature.BankApp.App - Getting all open applications...
2022-05-02 10:56:22.708 [main] INFO  com.revature.BankApp.App - Checking if the employee's username exists...
2022-05-02 10:56:27.131 [main] INFO  com.revature.BankApp.App - Checking if password matches the employee's username...
2022-05-02 10:56:30.924 [main] INFO  com.revature.BankApp.App - Getting all accounts of all customers...
2022-05-02 10:56:33.320 [main] INFO  com.revature.BankApp.App - Getting all info of all customers...
2022-05-02 10:57:34.703 [main] INFO  com.revature.BankApp.App - Checking if the admin's username exists...
2022-05-02 10:57:37.073 [main] INFO  com.revature.BankApp.App - Checking if password matches the admin's username...
2022-05-02 10:57:41.124 [main] INFO  com.revature.BankApp.App - Getting all accounts...
2022-05-02 10:57:45.689 [main] INFO  com.revature.BankApp.App - Checking if the account exists...
2022-05-02 10:57:45.736 [main] INFO  com.revature.BankApp.App - Assigning the account to an account model...
2022-05-02 10:57:50.950 [main] INFO  com.revature.BankApp.App - Getting all accounts...
2022-05-02 10:57:57.949 [main] INFO  com.revature.BankApp.App - Checking if the account exists...
2022-05-02 10:57:57.993 [main] INFO  com.revature.BankApp.App - Assigning the account to an account model...
2022-05-02 10:57:59.824 [main] INFO  com.revature.BankApp.App - Updating the account with the new balance...
2022-05-02 10:57:59.868 [main] INFO  com.revature.BankApp.App - Getting all accounts...
2022-05-02 11:15:42.720 [main] INFO  com.revature.BankApp.App - Checking if customer's username already exists...
2022-05-02 11:15:45.959 [main] INFO  com.revature.BankApp.App - Creating a new customer...
2022-05-02 11:15:53.011 [main] INFO  com.revature.BankApp.App - Creating a new account application...
2022-05-02 11:16:10.109 [main] INFO  com.revature.BankApp.App - Checking if the customer's username exists...
2022-05-02 11:16:13.015 [main] INFO  com.revature.BankApp.App - Checking if password matches the customer's username...
2022-05-02 11:16:19.383 [main] INFO  com.revature.BankApp.App - Getting all of the customer's accounts...
2022-05-02 11:28:31.603 [main] INFO  com.revature.BankApp.App - Checking if customer's username already exists...
2022-05-02 11:28:35.154 [main] INFO  com.revature.BankApp.App - Creating a new customer...
2022-05-02 11:28:42.971 [main] INFO  com.revature.BankApp.App - Creating a new account application...
2022-05-02 11:28:56.729 [main] INFO  com.revature.BankApp.App - Checking if the customer's username exists...
2022-05-02 11:28:59.413 [main] INFO  com.revature.BankApp.App - Checking if password matches the customer's username...
2022-05-02 11:29:01.366 [main] INFO  com.revature.BankApp.App - Getting all of the customer's accounts...
2022-05-02 11:29:12.497 [main] INFO  com.revature.BankApp.App - Checking if the employee's username exists...
2022-05-02 11:29:15.443 [main] INFO  com.revature.BankApp.App - Checking if password matches the employee's username...
2022-05-02 11:29:17.642 [main] INFO  com.revature.BankApp.App - Getting all open applications...
2022-05-02 11:29:19.915 [main] INFO  com.revature.BankApp.App - Checking if the application exists...
2022-05-02 11:29:19.962 [main] INFO  com.revature.BankApp.App - Assigning the new account owner...
2022-05-02 11:29:20.007 [main] INFO  com.revature.BankApp.App - Creating the new account...
2022-05-02 11:29:20.053 [main] INFO  com.revature.BankApp.App - Deleting the application...
2022-05-02 11:29:20.147 [main] INFO  com.revature.BankApp.App - Getting all open applications...
2022-05-02 11:29:30.601 [main] INFO  com.revature.BankApp.App - Checking if the customer's username exists...
2022-05-02 11:29:32.925 [main] INFO  com.revature.BankApp.App - Checking if password matches the customer's username...
2022-05-02 11:29:34.313 [main] INFO  com.revature.BankApp.App - Getting all of the customer's accounts...
2022-05-02 11:29:37.668 [main] INFO  com.revature.BankApp.App - Checking if the account exists and if it belongs to the customer...
2022-05-02 11:29:37.712 [main] INFO  com.revature.BankApp.App - Getting all of the customer's accounts...
2022-05-02 11:29:41.667 [main] INFO  com.revature.BankApp.App - Checking if the account exists and if it belongs to the customer...
2022-05-02 11:29:41.715 [main] INFO  com.revature.BankApp.App - Getting all of the customer's accounts...
2022-05-02 11:29:44.506 [main] INFO  com.revature.BankApp.App - Checking if the account exists and if it belongs to the customer...
2022-05-02 11:29:44.554 [main] INFO  com.revature.BankApp.App - Assigning the account to an account model...
2022-05-02 11:29:46.579 [main] INFO  com.revature.BankApp.App - Updating the account with the new balance...
2022-05-02 11:29:46.626 [main] INFO  com.revature.BankApp.App - Getting all of the customer's accounts...
2022-05-02 11:29:57.047 [main] INFO  com.revature.BankApp.App - Checking if the customer's username exists...
2022-05-02 11:29:59.305 [main] INFO  com.revature.BankApp.App - Checking if password matches the customer's username...
2022-05-02 11:30:00.391 [main] INFO  com.revature.BankApp.App - Getting all of the customer's accounts...
2022-05-02 11:30:03.669 [main] INFO  com.revature.BankApp.App - Checking if the account exists and if it belongs to the customer...
2022-05-02 11:30:03.717 [main] INFO  com.revature.BankApp.App - Assigning the account to an account model...
2022-05-02 11:30:07.618 [main] INFO  com.revature.BankApp.App - Getting all of the customer's accounts...
2022-05-02 11:30:10.829 [main] INFO  com.revature.BankApp.App - Checking if the account exists and if it belongs to the customer...
2022-05-02 11:30:10.876 [main] INFO  com.revature.BankApp.App - Assigning the account to an account model...
2022-05-02 11:30:12.403 [main] INFO  com.revature.BankApp.App - Updating the account with the new balance...
2022-05-02 11:30:12.450 [main] INFO  com.revature.BankApp.App - Getting all of the customer's accounts...
2022-05-02 11:31:01.178 [main] INFO  com.revature.BankApp.App - Checking if the customer's username exists...
2022-05-02 11:31:03.390 [main] INFO  com.revature.BankApp.App - Checking if password matches the customer's username...
2022-05-02 11:31:05.318 [main] INFO  com.revature.BankApp.App - Checking if the customer has more than 1 account...
2022-05-02 11:31:10.655 [main] INFO  com.revature.BankApp.App - Getting all of the customers minus the current customer...
2022-05-02 11:31:18.685 [main] INFO  com.revature.BankApp.App - Checking if the customer number exists and that it isn't the current customer's number...
2022-05-02 11:31:18.781 [main] INFO  com.revature.BankApp.App - Adding the two customers to the same joint account model...
2022-05-02 11:31:18.831 [main] INFO  com.revature.BankApp.App - Creating a new joint account application...
2022-05-02 11:31:18.879 [main] INFO  com.revature.BankApp.App - Getting all of the customers minus the current customer...
2022-05-02 11:31:29.951 [main] INFO  com.revature.BankApp.App - Checking if the admin's username exists...
2022-05-02 11:31:32.404 [main] INFO  com.revature.BankApp.App - Checking if password matches the admin's username...
2022-05-02 11:31:34.920 [main] INFO  com.revature.BankApp.App - Getting all open applications...
2022-05-02 11:31:41.134 [main] INFO  com.revature.BankApp.App - Checking if the application exists...
2022-05-02 11:31:41.184 [main] INFO  com.revature.BankApp.App - Assigning the new account owner...
2022-05-02 11:31:41.232 [main] INFO  com.revature.BankApp.App - Creating the new account...
2022-05-02 11:31:41.282 [main] INFO  com.revature.BankApp.App - Deleting the application...
2022-05-02 11:31:41.378 [main] INFO  com.revature.BankApp.App - Getting all open applications...
2022-05-02 11:31:52.273 [main] INFO  com.revature.BankApp.App - Checking if the customer's username exists...
2022-05-02 11:31:56.139 [main] INFO  com.revature.BankApp.App - Checking if password matches the customer's username...
2022-05-02 11:31:59.510 [main] INFO  com.revature.BankApp.App - Checking if the customer has more than 1 account...
2022-05-02 11:31:59.556 [main] INFO  com.revature.BankApp.App - Getting all of the customer's accounts...
2022-05-02 11:32:07.315 [main] INFO  com.revature.BankApp.App - Checking if the account exists and if it belongs to the customer...
2022-05-02 11:32:07.362 [main] INFO  com.revature.BankApp.App - Assigning the account to an account model...
2022-05-02 11:32:07.404 [main] INFO  com.revature.BankApp.App - Getting all of the customer's accounts minus the account they're transferring from...
2022-05-02 11:32:09.360 [main] INFO  com.revature.BankApp.App - Checking if the account exists, if it belongs to the customer and if it isn't the same account they're transferring from...
2022-05-02 11:32:09.404 [main] INFO  com.revature.BankApp.App - Assigning the account to another account model...
2022-05-02 11:32:12.778 [main] INFO  com.revature.BankApp.App - Updating both accounts with their new balances...
2022-05-02 11:32:12.873 [main] INFO  com.revature.BankApp.App - Getting all of the customer's accounts...
2022-05-02 11:32:28.415 [main] INFO  com.revature.BankApp.App - Checking if the admin's username exists...
2022-05-02 11:32:31.678 [main] INFO  com.revature.BankApp.App - Checking if password matches the admin's username...
2022-05-02 11:32:33.249 [main] INFO  com.revature.BankApp.App - Getting all accounts...
2022-05-02 11:32:38.356 [main] INFO  com.revature.BankApp.App - Checking if the account exists...
2022-05-02 11:32:38.405 [main] INFO  com.revature.BankApp.App - Deleting the account...
2022-05-02 11:32:38.501 [main] INFO  com.revature.BankApp.App - Getting all accounts...
2022-05-02 11:32:56.476 [main] INFO  com.revature.BankApp.App - Checking if the employee's username exists...
2022-05-02 11:32:58.759 [main] INFO  com.revature.BankApp.App - Checking if password matches the employee's username...
2022-05-02 11:33:03.449 [main] INFO  com.revature.BankApp.App - Getting all accounts of all customers...
2022-05-02 11:33:08.056 [main] INFO  com.revature.BankApp.App - Getting all info of all customers...
2022-05-02 11:33:23.826 [main] INFO  com.revature.BankApp.App - Checking if the admin's username exists...
2022-05-02 11:33:27.235 [main] INFO  com.revature.BankApp.App - Checking if password matches the admin's username...
2022-05-02 11:33:28.922 [main] INFO  com.revature.BankApp.App - Getting all open applications...
2022-05-02 11:33:32.422 [main] INFO  com.revature.BankApp.App - Checking if the application exists...
2022-05-02 11:33:32.469 [main] INFO  com.revature.BankApp.App - Deleting the application...
2022-05-02 11:33:32.613 [main] INFO  com.revature.BankApp.App - Getting all open applications...
